<?xml version="1.0" encoding="UTF-8"?>
<coverage generated="1742704967012" clover="3.2.0">
  <project timestamp="1742704967012" name="All files">
    <metrics statements="10" coveredstatements="4" conditionals="3" coveredconditionals="1" methods="5" coveredmethods="2" elements="18" coveredelements="7" complexity="0" loc="10" ncloc="10" packages="1" files="1" classes="1"/>
    <file name="browser-helper.js" path="/Users/patrickabainza/saas_server/tests/utils/browser-helper.js">
      <metrics statements="10" coveredstatements="4" conditionals="3" coveredconditionals="1" methods="5" coveredmethods="2"/>
      <line num="6" count="2" type="stmt"/>
      <line num="15" count="9" type="stmt"/>
      <line num="19" count="0" type="stmt"/>
      <line num="20" count="0" type="stmt"/>
      <line num="30" count="0" type="stmt"/>
      <line num="41" count="0" type="stmt"/>
      <line num="42" count="0" type="stmt"/>
      <line num="52" count="0" type="stmt"/>
      <line num="61" count="9" type="stmt"/>
      <line num="65" count="2" type="stmt"/>
    </file>
  </project>
</coverage>
