{"/Users/patrickabainza/saas_server/tests/utils/browser-helper.js": {"path":"/Users/patrickabainza/saas_server/tests/utils/browser-helper.js","statementMap":{"0":{"start":{"line":6,"column":18},"end":{"line":6,"column":38}},"1":{"start":{"line":15,"column":24},"end":{"line":18,"column":10}},"2":{"start":{"line":19,"column":21},"end":{"line":19,"column":44}},"3":{"start":{"line":20,"column":8},"end":{"line":20,"column":33}},"4":{"start":{"line":30,"column":8},"end":{"line":30,"column":60}},"5":{"start":{"line":41,"column":8},"end":{"line":41,"column":58}},"6":{"start":{"line":42,"column":8},"end":{"line":42,"column":38}},"7":{"start":{"line":52,"column":8},"end":{"line":52,"column":46}},"8":{"start":{"line":61,"column":8},"end":{"line":61,"column":30}},"9":{"start":{"line":65,"column":0},"end":{"line":65,"column":31}}},"fnMap":{"0":{"name":"(anonymous_0)","decl":{"start":{"line":14,"column":4},"end":{"line":14,"column":5}},"loc":{"start":{"line":14,"column":43},"end":{"line":21,"column":5}},"line":14},"1":{"name":"(anonymous_1)","decl":{"start":{"line":29,"column":4},"end":{"line":29,"column":5}},"loc":{"start":{"line":29,"column":39},"end":{"line":31,"column":5}},"line":29},"2":{"name":"(anonymous_2)","decl":{"start":{"line":40,"column":4},"end":{"line":40,"column":5}},"loc":{"start":{"line":40,"column":61},"end":{"line":43,"column":5}},"line":40},"3":{"name":"(anonymous_3)","decl":{"start":{"line":51,"column":4},"end":{"line":51,"column":5}},"loc":{"start":{"line":51,"column":52},"end":{"line":53,"column":5}},"line":51},"4":{"name":"(anonymous_4)","decl":{"start":{"line":60,"column":4},"end":{"line":60,"column":5}},"loc":{"start":{"line":60,"column":39},"end":{"line":62,"column":5}},"line":60}},"branchMap":{"0":{"loc":{"start":{"line":14,"column":29},"end":{"line":14,"column":41}},"type":"default-arg","locations":[{"start":{"line":14,"column":39},"end":{"line":14,"column":41}}],"line":14},"1":{"loc":{"start":{"line":40,"column":45},"end":{"line":40,"column":59}},"type":"default-arg","locations":[{"start":{"line":40,"column":55},"end":{"line":40,"column":59}}],"line":40},"2":{"loc":{"start":{"line":51,"column":38},"end":{"line":51,"column":50}},"type":"default-arg","locations":[{"start":{"line":51,"column":48},"end":{"line":51,"column":50}}],"line":51}},"s":{"0":2,"1":9,"2":0,"3":0,"4":0,"5":0,"6":0,"7":0,"8":9,"9":2},"f":{"0":9,"1":0,"2":0,"3":0,"4":9},"b":{"0":[9],"1":[0],"2":[0]},"_coverageSchema":"1a1c01bbd47fc00a2c39e90264f33305004495a9","hash":"b136709af2189fbc9e101d14272c3b0ae539d830"}
}
